<?xml version="1.0" encoding="UTF-8"?>
<!-- Generated by org.testng.reporters.JUnitReportReporter -->
<testsuite hostname="Ameyas-MBP.fritz.box" failures="0" tests="2" name="com.supriya.jbk.authentication.tests.DashboardTest" time="3.621" errors="1" timestamp="13 Feb 2026 14:22:32 GMT" skipped="1">
  <testcase classname="com.supriya.jbk.authentication.tests.DashboardTest" name="DashboardPageTest" time="0.000">
    <skipped/>
  </testcase> <!-- DashboardPageTest -->
  <testcase classname="com.supriya.jbk.authentication.tests.DashboardTest" name="setUp" time="3.621">
    <error message="session not created: This version of ChromeDriver only supports Chrome version 136
Current browser version is 144.0.7559.134 with binary path /Applications/Google Chrome.app/Contents/MacOS/Google Chrome
Build info: version: &#039;3.141.59&#039;, revision: &#039;e82be7d358&#039;, time: &#039;2018-11-14T08:17:03&#039;
System info: host: &#039;Ameyas-MBP.fritz.box&#039;, ip: &#039;fdde:1c74:a112:0:8c4:828a:607b:550c%en0&#039;, os.name: &#039;Mac OS X&#039;, os.arch: &#039;x86_64&#039;, os.version: &#039;12.7.6&#039;, java.version: &#039;17.0.10&#039;
Driver info: driver.version: ChromeDriver
remote stacktrace: 0   chromedriver                        0x00000001096d48a8 chromedriver + 5986472
1   chromedriver                        0x00000001096cb9da chromedriver + 5949914
2   chromedriver                        0x0000000109184600 chromedriver + 415232
3   chromedriver                        0x00000001091c5636 chromedriver + 681526
4   chromedriver                        0x00000001091c45a4 chromedriver + 677284
5   chromedriver                        0x00000001091bf76e chromedriver + 657262
6   chromedriver                        0x00000001091ba516 chromedriver + 636182
7   chromedriver                        0x000000010920aba2 chromedriver + 965538
8   chromedriver                        0x000000010920a096 chromedriver + 962710
9   chromedriver                        0x00000001091fc0e3 chromedriver + 905443
10  chromedriver                        0x00000001091c861d chromedriver + 693789
11  chromedriver                        0x00000001091c9281 chromedriver + 696961
12  chromedriver                        0x0000000109692570 chromedriver + 5715312
13  chromedriver                        0x0000000109696435 chromedriver + 5731381
14  chromedriver                        0x000000010966cec0 chromedriver + 5562048
15  chromedriver                        0x0000000109696e6b chromedriver + 5733995
16  chromedriver                        0x000000010965bdd4 chromedriver + 5492180
17  chromedriver                        0x00000001096b9a88 chromedriver + 5876360
18  chromedriver                        0x00000001096b9c50 chromedriver + 5876816
19  chromedriver                        0x00000001096cb5a1 chromedriver + 5948833
20  libsystem_pthread.dylib             0x00007ff8038c54e1 _pthread_start + 125
21  libsystem_pthread.dylib             0x00007ff8038c0f6b thread_start + 15
" type="org.openqa.selenium.SessionNotCreatedException">
      <![CDATA[org.openqa.selenium.SessionNotCreatedException: session not created: This version of ChromeDriver only supports Chrome version 136
Current browser version is 144.0.7559.134 with binary path /Applications/Google Chrome.app/Contents/MacOS/Google Chrome
Build info: version: '3.141.59', revision: 'e82be7d358', time: '2018-11-14T08:17:03'
System info: host: 'Ameyas-MBP.fritz.box', ip: 'fdde:1c74:a112:0:8c4:828a:607b:550c%en0', os.name: 'Mac OS X', os.arch: 'x86_64', os.version: '12.7.6', java.version: '17.0.10'
Driver info: driver.version: ChromeDriver
remote stacktrace: 0   chromedriver                        0x00000001096d48a8 chromedriver + 5986472
1   chromedriver                        0x00000001096cb9da chromedriver + 5949914
2   chromedriver                        0x0000000109184600 chromedriver + 415232
3   chromedriver                        0x00000001091c5636 chromedriver + 681526
4   chromedriver                        0x00000001091c45a4 chromedriver + 677284
5   chromedriver                        0x00000001091bf76e chromedriver + 657262
6   chromedriver                        0x00000001091ba516 chromedriver + 636182
7   chromedriver                        0x000000010920aba2 chromedriver + 965538
8   chromedriver                        0x000000010920a096 chromedriver + 962710
9   chromedriver                        0x00000001091fc0e3 chromedriver + 905443
10  chromedriver                        0x00000001091c861d chromedriver + 693789
11  chromedriver                        0x00000001091c9281 chromedriver + 696961
12  chromedriver                        0x0000000109692570 chromedriver + 5715312
13  chromedriver                        0x0000000109696435 chromedriver + 5731381
14  chromedriver                        0x000000010966cec0 chromedriver + 5562048
15  chromedriver                        0x0000000109696e6b chromedriver + 5733995
16  chromedriver                        0x000000010965bdd4 chromedriver + 5492180
17  chromedriver                        0x00000001096b9a88 chromedriver + 5876360
18  chromedriver                        0x00000001096b9c50 chromedriver + 5876816
19  chromedriver                        0x00000001096cb5a1 chromedriver + 5948833
20  libsystem_pthread.dylib             0x00007ff8038c54e1 _pthread_start + 125
21  libsystem_pthread.dylib             0x00007ff8038c0f6b thread_start + 15

at java.base/jdk.internal.reflect.NativeConstructorAccessorImpl.newInstance0(Native Method)
at java.base/jdk.internal.reflect.NativeConstructorAccessorImpl.newInstance(NativeConstructorAccessorImpl.java:77)
at java.base/jdk.internal.reflect.DelegatingConstructorAccessorImpl.newInstance(DelegatingConstructorAccessorImpl.java:45)
at java.base/java.lang.reflect.Constructor.newInstanceWithCaller(Constructor.java:499)
at java.base/java.lang.reflect.Constructor.newInstance(Constructor.java:480)
at org.openqa.selenium.remote.W3CHandshakeResponse.lambda$errorHandler$0(W3CHandshakeResponse.java:62)
at org.openqa.selenium.remote.HandshakeResponse.lambda$getResponseFunction$0(HandshakeResponse.java:30)
at org.openqa.selenium.remote.ProtocolHandshake.lambda$createSession$0(ProtocolHandshake.java:126)
at java.base/java.util.stream.ReferencePipeline$3$1.accept(ReferencePipeline.java:197)
at java.base/java.util.Spliterators$ArraySpliterator.tryAdvance(Spliterators.java:1002)
at java.base/java.util.stream.ReferencePipeline.forEachWithCancel(ReferencePipeline.java:129)
at java.base/java.util.stream.AbstractPipeline.copyIntoWithCancel(AbstractPipeline.java:527)
at java.base/java.util.stream.AbstractPipeline.copyInto(AbstractPipeline.java:513)
at java.base/java.util.stream.AbstractPipeline.wrapAndCopyInto(AbstractPipeline.java:499)
at java.base/java.util.stream.FindOps$FindOp.evaluateSequential(FindOps.java:150)
at java.base/java.util.stream.AbstractPipeline.evaluate(AbstractPipeline.java:234)
at java.base/java.util.stream.ReferencePipeline.findFirst(ReferencePipeline.java:647)
at org.openqa.selenium.remote.ProtocolHandshake.createSession(ProtocolHandshake.java:128)
at org.openqa.selenium.remote.ProtocolHandshake.createSession(ProtocolHandshake.java:74)
at org.openqa.selenium.remote.HttpCommandExecutor.execute(HttpCommandExecutor.java:136)
at org.openqa.selenium.remote.service.DriverCommandExecutor.execute(DriverCommandExecutor.java:83)
at org.openqa.selenium.remote.RemoteWebDriver.execute(RemoteWebDriver.java:552)
at org.openqa.selenium.remote.RemoteWebDriver.startSession(RemoteWebDriver.java:213)
at org.openqa.selenium.remote.RemoteWebDriver.<init>(RemoteWebDriver.java:131)
at org.openqa.selenium.chrome.ChromeDriver.<init>(ChromeDriver.java:181)
at org.openqa.selenium.chrome.ChromeDriver.<init>(ChromeDriver.java:168)
at org.openqa.selenium.chrome.ChromeDriver.<init>(ChromeDriver.java:123)
at com.supriya.jbk.authentication.tests.DashboardTest.setUp(DashboardTest.java:24)
at java.base/jdk.internal.reflect.NativeMethodAccessorImpl.invoke0(Native Method)
at java.base/jdk.internal.reflect.NativeMethodAccessorImpl.invoke(NativeMethodAccessorImpl.java:77)
at java.base/jdk.internal.reflect.DelegatingMethodAccessorImpl.invoke(DelegatingMethodAccessorImpl.java:43)
at java.base/java.lang.reflect.Method.invoke(Method.java:568)
at org.testng.internal.MethodInvocationHelper.invokeMethod(MethodInvocationHelper.java:124)
at org.testng.internal.MethodInvocationHelper.invokeMethodConsideringTimeout(MethodInvocationHelper.java:59)
at org.testng.internal.Invoker.invokeConfigurationMethod(Invoker.java:458)
at org.testng.internal.Invoker.invokeConfigurations(Invoker.java:222)
at org.testng.internal.Invoker.invokeConfigurations(Invoker.java:142)
at org.testng.internal.TestMethodWorker.invokeBeforeClassMethods(TestMethodWorker.java:168)
at org.testng.internal.TestMethodWorker.run(TestMethodWorker.java:105)
at org.testng.TestRunner.privateRun(TestRunner.java:648)
at org.testng.TestRunner.run(TestRunner.java:505)
at org.testng.SuiteRunner.runTest(SuiteRunner.java:455)
at org.testng.SuiteRunner.runSequentially(SuiteRunner.java:450)
at org.testng.SuiteRunner.privateRun(SuiteRunner.java:415)
at org.testng.SuiteRunner.run(SuiteRunner.java:364)
at org.testng.SuiteRunnerWorker.runSuite(SuiteRunnerWorker.java:52)
at org.testng.SuiteRunnerWorker.run(SuiteRunnerWorker.java:84)
at org.testng.TestNG.runSuitesSequentially(TestNG.java:1208)
at org.testng.TestNG.runSuitesLocally(TestNG.java:1137)
at org.testng.TestNG.runSuites(TestNG.java:1049)
at org.testng.TestNG.run(TestNG.java:1017)
at org.testng.remote.AbstractRemoteTestNG.run(AbstractRemoteTestNG.java:115)
at org.testng.remote.RemoteTestNG.initAndRun(RemoteTestNG.java:293)
at org.testng.remote.RemoteTestNG.main(RemoteTestNG.java:91)
]]>
    </error>
  </testcase> <!-- setUp -->
</testsuite> <!-- com.supriya.jbk.authentication.tests.DashboardTest -->
