<?xml version="1.0" encoding="UTF-8"?>
<!-- Generated by org.testng.reporters.JUnitXMLReporter -->
<testsuite ignored="0" hostname="Ameyas-MBP.fritz.box" failures="0" tests="3" name="AuthenticationTests" time="21.389" errors="0" timestamp="18 Jun 2025 13:34:52 GMT">
  <testcase classname="com.supriya.jbk.authentication.tests.LoginTest" name="loginToApplicationTest" time="1.252"/>
  <testcase classname="com.supriya.jbk.authentication.tests.RegisterTest" name="registerToApplicationTest" time="2.19"/>
  <testcase classname="com.supriya.jbk.authentication.tests.DashboardTest" name="DashboardPageTest" time="1.432"/>
</testsuite> <!-- AuthenticationTests -->
