<?xml version="1.0" encoding="UTF-8"?>
<!-- Generated by org.testng.reporters.JUnitXMLReporter -->
<testsuite ignored="0" hostname="Ameyas-MBP.fritz.box" failures="0" tests="3" name="AuthenticationTests" time="10.626" errors="0" timestamp="27 May 2025 12:29:18 GMT">
  <testcase classname="com.supriya.jbk.authentication.tests.LoginTest" name="loginToApplicationTest" time="1.188"/>
  <testcase classname="com.supriya.jbk.authentication.tests.RegisterTest" name="registerToApplicationTest" time="1.046"/>
  <testcase classname="com.supriya.jbk.authentication.tests.DashboardTest" name="DashboardPageTest" time="0.976"/>
</testsuite> <!-- AuthenticationTests -->
