<?xml version="1.0" encoding="UTF-8"?>
<!-- Generated by org.testng.reporters.JUnitXMLReporter -->
<testsuite ignored="0" hostname="Ameyas-MBP.fritz.box" failures="0" tests="3" name="Default test" time="8.863" errors="0" timestamp="13 Feb 2026 14:22:32 GMT">
  <testcase classname="com.supriya.jbk.authentication.tests.DashboardTest" name="@BeforeClass setUp" time="3.621">
    <failure type="org.openqa.selenium.SessionNotCreatedException" message="session not created: This version of ChromeDriver only supports Chrome version 136
Current browser version is 144.0.7559.134 with binary path /Applications/Google Chrome.app/Contents/MacOS/Google Chrome
Build info: version: &amp;apos;3.141.59&amp;apos;, revision: &amp;apos;e82be7d358&amp;apos;, time: &amp;apos;2018-11-14T08:17:03&amp;apos;
System info: host: &amp;apos;Ameyas-MBP.fritz.box&amp;apos;, ip: &amp;apos;fdde:1c74:a112:0:8c4:828a:607b:550c%en0&amp;apos;, os.name: &amp;apos;Mac OS X&amp;apos;, os.arch: &amp;apos;x86_64&amp;apos;, os.version: &amp;apos;12.7.6&amp;apos;, java.version: &amp;apos;17.0.10&amp;apos;
Driver info: driver.version: ChromeDriver
remote stacktrace: 0   chromedriver                        0x00000001096d48a8 chromedriver + 5986472
1   chromedriver                        0x00000001096cb9da chromedriver + 5949914
2   chromedriver                        0x0000000109184600 chromedriver + 415232
3   chromedriver                        0x00000001091c5636 chromedriver + 681526
4   chromedriver                        0x00000001091c45a4 chromedriver + 677284
5   chromedriver                        0x00000001091bf76e chromedriver + 657262
6   chromedriver                        0x00000001091ba516 chromedriver + 636182
7   chromedriver                        0x000000010920aba2 chromedriver + 965538
8   chromedriver                        0x000000010920a096 chromedriver + 962710
9   chromedriver                        0x00000001091fc0e3 chromedriver + 905443
10  chromedriver                        0x00000001091c861d chromedriver + 693789
11  chromedriver                        0x00000001091c9281 chromedriver + 696961
12  chromedriver                        0x0000000109692570 chromedriver + 5715312
13  chromedriver                        0x0000000109696435 chromedriver + 5731381
14  chromedriver                        0x000000010966cec0 chromedriver + 5562048
15  chromedriver                        0x0000000109696e6b chromedriver + 5733995
16  chromedriver                        0x000000010965bdd4 chromedriver + 5492180
17  chromedriver                        0x00000001096b9a88 chromedriver + 5876360
18  chromedriver                        0x00000001096b9c50 chromedriver + 5876816
19  chromedriver                        0x00000001096cb5a1 chromedriver + 5948833
20  libsystem_pthread.dylib             0x00007ff8038c54e1 _pthread_start + 125
21  libsystem_pthread.dylib             0x00007ff8038c0f6b thread_start + 15
">
      <![CDATA[org.openqa.selenium.SessionNotCreatedException: session not created: This version of ChromeDriver only supports Chrome version 136
Current browser version is 144.0.7559.134 with binary path /Applications/Google Chrome.app/Contents/MacOS/Google Chrome
Build info: version: '3.141.59', revision: 'e82be7d358', time: '2018-11-14T08:17:03'
System info: host: 'Ameyas-MBP.fritz.box', ip: 'fdde:1c74:a112:0:8c4:828a:607b:550c%en0', os.name: 'Mac OS X', os.arch: 'x86_64', os.version: '12.7.6', java.version: '17.0.10'
Driver info: driver.version: ChromeDriver
remote stacktrace: 0   chromedriver                        0x00000001096d48a8 chromedriver + 5986472
1   chromedriver                        0x00000001096cb9da chromedriver + 5949914
2   chromedriver                        0x0000000109184600 chromedriver + 415232
3   chromedriver                        0x00000001091c5636 chromedriver + 681526
4   chromedriver                        0x00000001091c45a4 chromedriver + 677284
5   chromedriver                        0x00000001091bf76e chromedriver + 657262
6   chromedriver                        0x00000001091ba516 chromedriver + 636182
7   chromedriver                        0x000000010920aba2 chromedriver + 965538
8   chromedriver                        0x000000010920a096 chromedriver + 962710
9   chromedriver                        0x00000001091fc0e3 chromedriver + 905443
10  chromedriver                        0x00000001091c861d chromedriver + 693789
11  chromedriver                        0x00000001091c9281 chromedriver + 696961
12  chromedriver                        0x0000000109692570 chromedriver + 5715312
13  chromedriver                        0x0000000109696435 chromedriver + 5731381
14  chromedriver                        0x000000010966cec0 chromedriver + 5562048
15  chromedriver                        0x0000000109696e6b chromedriver + 5733995
16  chromedriver                        0x000000010965bdd4 chromedriver + 5492180
17  chromedriver                        0x00000001096b9a88 chromedriver + 5876360
18  chromedriver                        0x00000001096b9c50 chromedriver + 5876816
19  chromedriver                        0x00000001096cb5a1 chromedriver + 5948833
20  libsystem_pthread.dylib             0x00007ff8038c54e1 _pthread_start + 125
21  libsystem_pthread.dylib             0x00007ff8038c0f6b thread_start + 15

at java.base/jdk.internal.reflect.NativeConstructorAccessorImpl.newInstance0(Native Method)
at java.base/jdk.internal.reflect.NativeConstructorAccessorImpl.newInstance(NativeConstructorAccessorImpl.java:77)
at java.base/jdk.internal.reflect.DelegatingConstructorAccessorImpl.newInstance(DelegatingConstructorAccessorImpl.java:45)
at java.base/java.lang.reflect.Constructor.newInstanceWithCaller(Constructor.java:499)
at java.base/java.lang.reflect.Constructor.newInstance(Constructor.java:480)
at org.openqa.selenium.remote.W3CHandshakeResponse.lambda$errorHandler$0(W3CHandshakeResponse.java:62)
at org.openqa.selenium.remote.HandshakeResponse.lambda$getResponseFunction$0(HandshakeResponse.java:30)
at org.openqa.selenium.remote.ProtocolHandshake.lambda$createSession$0(ProtocolHandshake.java:126)
at java.base/java.util.stream.ReferencePipeline$3$1.accept(ReferencePipeline.java:197)
at java.base/java.util.Spliterators$ArraySpliterator.tryAdvance(Spliterators.java:1002)
at java.base/java.util.stream.ReferencePipeline.forEachWithCancel(ReferencePipeline.java:129)
at java.base/java.util.stream.AbstractPipeline.copyIntoWithCancel(AbstractPipeline.java:527)
at java.base/java.util.stream.AbstractPipeline.copyInto(AbstractPipeline.java:513)
at java.base/java.util.stream.AbstractPipeline.wrapAndCopyInto(AbstractPipeline.java:499)
at java.base/java.util.stream.FindOps$FindOp.evaluateSequential(FindOps.java:150)
at java.base/java.util.stream.AbstractPipeline.evaluate(AbstractPipeline.java:234)
at java.base/java.util.stream.ReferencePipeline.findFirst(ReferencePipeline.java:647)
at org.openqa.selenium.remote.ProtocolHandshake.createSession(ProtocolHandshake.java:128)
at org.openqa.selenium.remote.ProtocolHandshake.createSession(ProtocolHandshake.java:74)
at org.openqa.selenium.remote.HttpCommandExecutor.execute(HttpCommandExecutor.java:136)
at org.openqa.selenium.remote.service.DriverCommandExecutor.execute(DriverCommandExecutor.java:83)
at org.openqa.selenium.remote.RemoteWebDriver.execute(RemoteWebDriver.java:552)
at org.openqa.selenium.remote.RemoteWebDriver.startSession(RemoteWebDriver.java:213)
at org.openqa.selenium.remote.RemoteWebDriver.<init>(RemoteWebDriver.java:131)
at org.openqa.selenium.chrome.ChromeDriver.<init>(ChromeDriver.java:181)
at org.openqa.selenium.chrome.ChromeDriver.<init>(ChromeDriver.java:168)
at org.openqa.selenium.chrome.ChromeDriver.<init>(ChromeDriver.java:123)
at com.supriya.jbk.authentication.tests.DashboardTest.setUp(DashboardTest.java:24)
at java.base/jdk.internal.reflect.NativeMethodAccessorImpl.invoke0(Native Method)
at java.base/jdk.internal.reflect.NativeMethodAccessorImpl.invoke(NativeMethodAccessorImpl.java:77)
at java.base/jdk.internal.reflect.DelegatingMethodAccessorImpl.invoke(DelegatingMethodAccessorImpl.java:43)
at java.base/java.lang.reflect.Method.invoke(Method.java:568)
at org.testng.internal.MethodInvocationHelper.invokeMethod(MethodInvocationHelper.java:124)
at org.testng.internal.MethodInvocationHelper.invokeMethodConsideringTimeout(MethodInvocationHelper.java:59)
at org.testng.internal.Invoker.invokeConfigurationMethod(Invoker.java:458)
at org.testng.internal.Invoker.invokeConfigurations(Invoker.java:222)
at org.testng.internal.Invoker.invokeConfigurations(Invoker.java:142)
at org.testng.internal.TestMethodWorker.invokeBeforeClassMethods(TestMethodWorker.java:168)
at org.testng.internal.TestMethodWorker.run(TestMethodWorker.java:105)
at org.testng.TestRunner.privateRun(TestRunner.java:648)
at org.testng.TestRunner.run(TestRunner.java:505)
at org.testng.SuiteRunner.runTest(SuiteRunner.java:455)
at org.testng.SuiteRunner.runSequentially(SuiteRunner.java:450)
at org.testng.SuiteRunner.privateRun(SuiteRunner.java:415)
at org.testng.SuiteRunner.run(SuiteRunner.java:364)
at org.testng.SuiteRunnerWorker.runSuite(SuiteRunnerWorker.java:52)
at org.testng.SuiteRunnerWorker.run(SuiteRunnerWorker.java:84)
at org.testng.TestNG.runSuitesSequentially(TestNG.java:1208)
at org.testng.TestNG.runSuitesLocally(TestNG.java:1137)
at org.testng.TestNG.runSuites(TestNG.java:1049)
at org.testng.TestNG.run(TestNG.java:1017)
at org.testng.remote.AbstractRemoteTestNG.run(AbstractRemoteTestNG.java:115)
at org.testng.remote.RemoteTestNG.initAndRun(RemoteTestNG.java:293)
at org.testng.remote.RemoteTestNG.main(RemoteTestNG.java:91)
]]>
    </failure>
  </testcase> <!-- @BeforeClass setUp -->
  <testcase classname="com.supriya.jbk.authentication.tests.DashboardTest" name="@AfterClass tearDown" time="0.0">
    <skipped/>
  </testcase> <!-- @AfterClass tearDown -->
  <testcase classname="com.supriya.jbk.authentication.tests.RegisterTest" name="@BeforeClass setUp" time="2.798">
    <failure type="org.openqa.selenium.SessionNotCreatedException" message="session not created: This version of ChromeDriver only supports Chrome version 136
Current browser version is 144.0.7559.134 with binary path /Applications/Google Chrome.app/Contents/MacOS/Google Chrome
Build info: version: &amp;apos;3.141.59&amp;apos;, revision: &amp;apos;e82be7d358&amp;apos;, time: &amp;apos;2018-11-14T08:17:03&amp;apos;
System info: host: &amp;apos;Ameyas-MBP.fritz.box&amp;apos;, ip: &amp;apos;fdde:1c74:a112:0:8c4:828a:607b:550c%en0&amp;apos;, os.name: &amp;apos;Mac OS X&amp;apos;, os.arch: &amp;apos;x86_64&amp;apos;, os.version: &amp;apos;12.7.6&amp;apos;, java.version: &amp;apos;17.0.10&amp;apos;
Driver info: driver.version: ChromeDriver
remote stacktrace: 0   chromedriver                        0x00000001036f48a8 chromedriver + 5986472
1   chromedriver                        0x00000001036eb9da chromedriver + 5949914
2   chromedriver                        0x00000001031a4600 chromedriver + 415232
3   chromedriver                        0x00000001031e5636 chromedriver + 681526
4   chromedriver                        0x00000001031e45a4 chromedriver + 677284
5   chromedriver                        0x00000001031df76e chromedriver + 657262
6   chromedriver                        0x00000001031da516 chromedriver + 636182
7   chromedriver                        0x000000010322aba2 chromedriver + 965538
8   chromedriver                        0x000000010322a096 chromedriver + 962710
9   chromedriver                        0x000000010321c0e3 chromedriver + 905443
10  chromedriver                        0x00000001031e861d chromedriver + 693789
11  chromedriver                        0x00000001031e9281 chromedriver + 696961
12  chromedriver                        0x00000001036b2570 chromedriver + 5715312
13  chromedriver                        0x00000001036b6435 chromedriver + 5731381
14  chromedriver                        0x000000010368cec0 chromedriver + 5562048
15  chromedriver                        0x00000001036b6e6b chromedriver + 5733995
16  chromedriver                        0x000000010367bdd4 chromedriver + 5492180
17  chromedriver                        0x00000001036d9a88 chromedriver + 5876360
18  chromedriver                        0x00000001036d9c50 chromedriver + 5876816
19  chromedriver                        0x00000001036eb5a1 chromedriver + 5948833
20  libsystem_pthread.dylib             0x00007ff8038c54e1 _pthread_start + 125
21  libsystem_pthread.dylib             0x00007ff8038c0f6b thread_start + 15
">
      <![CDATA[org.openqa.selenium.SessionNotCreatedException: session not created: This version of ChromeDriver only supports Chrome version 136
Current browser version is 144.0.7559.134 with binary path /Applications/Google Chrome.app/Contents/MacOS/Google Chrome
Build info: version: '3.141.59', revision: 'e82be7d358', time: '2018-11-14T08:17:03'
System info: host: 'Ameyas-MBP.fritz.box', ip: 'fdde:1c74:a112:0:8c4:828a:607b:550c%en0', os.name: 'Mac OS X', os.arch: 'x86_64', os.version: '12.7.6', java.version: '17.0.10'
Driver info: driver.version: ChromeDriver
remote stacktrace: 0   chromedriver                        0x00000001036f48a8 chromedriver + 5986472
1   chromedriver                        0x00000001036eb9da chromedriver + 5949914
2   chromedriver                        0x00000001031a4600 chromedriver + 415232
3   chromedriver                        0x00000001031e5636 chromedriver + 681526
4   chromedriver                        0x00000001031e45a4 chromedriver + 677284
5   chromedriver                        0x00000001031df76e chromedriver + 657262
6   chromedriver                        0x00000001031da516 chromedriver + 636182
7   chromedriver                        0x000000010322aba2 chromedriver + 965538
8   chromedriver                        0x000000010322a096 chromedriver + 962710
9   chromedriver                        0x000000010321c0e3 chromedriver + 905443
10  chromedriver                        0x00000001031e861d chromedriver + 693789
11  chromedriver                        0x00000001031e9281 chromedriver + 696961
12  chromedriver                        0x00000001036b2570 chromedriver + 5715312
13  chromedriver                        0x00000001036b6435 chromedriver + 5731381
14  chromedriver                        0x000000010368cec0 chromedriver + 5562048
15  chromedriver                        0x00000001036b6e6b chromedriver + 5733995
16  chromedriver                        0x000000010367bdd4 chromedriver + 5492180
17  chromedriver                        0x00000001036d9a88 chromedriver + 5876360
18  chromedriver                        0x00000001036d9c50 chromedriver + 5876816
19  chromedriver                        0x00000001036eb5a1 chromedriver + 5948833
20  libsystem_pthread.dylib             0x00007ff8038c54e1 _pthread_start + 125
21  libsystem_pthread.dylib             0x00007ff8038c0f6b thread_start + 15

at java.base/jdk.internal.reflect.NativeConstructorAccessorImpl.newInstance0(Native Method)
at java.base/jdk.internal.reflect.NativeConstructorAccessorImpl.newInstance(NativeConstructorAccessorImpl.java:77)
at java.base/jdk.internal.reflect.DelegatingConstructorAccessorImpl.newInstance(DelegatingConstructorAccessorImpl.java:45)
at java.base/java.lang.reflect.Constructor.newInstanceWithCaller(Constructor.java:499)
at java.base/java.lang.reflect.Constructor.newInstance(Constructor.java:480)
at org.openqa.selenium.remote.W3CHandshakeResponse.lambda$errorHandler$0(W3CHandshakeResponse.java:62)
at org.openqa.selenium.remote.HandshakeResponse.lambda$getResponseFunction$0(HandshakeResponse.java:30)
at org.openqa.selenium.remote.ProtocolHandshake.lambda$createSession$0(ProtocolHandshake.java:126)
at java.base/java.util.stream.ReferencePipeline$3$1.accept(ReferencePipeline.java:197)
at java.base/java.util.Spliterators$ArraySpliterator.tryAdvance(Spliterators.java:1002)
at java.base/java.util.stream.ReferencePipeline.forEachWithCancel(ReferencePipeline.java:129)
at java.base/java.util.stream.AbstractPipeline.copyIntoWithCancel(AbstractPipeline.java:527)
at java.base/java.util.stream.AbstractPipeline.copyInto(AbstractPipeline.java:513)
at java.base/java.util.stream.AbstractPipeline.wrapAndCopyInto(AbstractPipeline.java:499)
at java.base/java.util.stream.FindOps$FindOp.evaluateSequential(FindOps.java:150)
at java.base/java.util.stream.AbstractPipeline.evaluate(AbstractPipeline.java:234)
at java.base/java.util.stream.ReferencePipeline.findFirst(ReferencePipeline.java:647)
at org.openqa.selenium.remote.ProtocolHandshake.createSession(ProtocolHandshake.java:128)
at org.openqa.selenium.remote.ProtocolHandshake.createSession(ProtocolHandshake.java:74)
at org.openqa.selenium.remote.HttpCommandExecutor.execute(HttpCommandExecutor.java:136)
at org.openqa.selenium.remote.service.DriverCommandExecutor.execute(DriverCommandExecutor.java:83)
at org.openqa.selenium.remote.RemoteWebDriver.execute(RemoteWebDriver.java:552)
at org.openqa.selenium.remote.RemoteWebDriver.startSession(RemoteWebDriver.java:213)
at org.openqa.selenium.remote.RemoteWebDriver.<init>(RemoteWebDriver.java:131)
at org.openqa.selenium.chrome.ChromeDriver.<init>(ChromeDriver.java:181)
at org.openqa.selenium.chrome.ChromeDriver.<init>(ChromeDriver.java:168)
at org.openqa.selenium.chrome.ChromeDriver.<init>(ChromeDriver.java:123)
at com.supriya.jbk.authentication.tests.RegisterTest.setUp(RegisterTest.java:23)
at java.base/jdk.internal.reflect.NativeMethodAccessorImpl.invoke0(Native Method)
at java.base/jdk.internal.reflect.NativeMethodAccessorImpl.invoke(NativeMethodAccessorImpl.java:77)
at java.base/jdk.internal.reflect.DelegatingMethodAccessorImpl.invoke(DelegatingMethodAccessorImpl.java:43)
at java.base/java.lang.reflect.Method.invoke(Method.java:568)
at org.testng.internal.MethodInvocationHelper.invokeMethod(MethodInvocationHelper.java:124)
at org.testng.internal.MethodInvocationHelper.invokeMethodConsideringTimeout(MethodInvocationHelper.java:59)
at org.testng.internal.Invoker.invokeConfigurationMethod(Invoker.java:458)
at org.testng.internal.Invoker.invokeConfigurations(Invoker.java:222)
at org.testng.internal.Invoker.invokeConfigurations(Invoker.java:142)
at org.testng.internal.TestMethodWorker.invokeBeforeClassMethods(TestMethodWorker.java:168)
at org.testng.internal.TestMethodWorker.run(TestMethodWorker.java:105)
at org.testng.TestRunner.privateRun(TestRunner.java:648)
at org.testng.TestRunner.run(TestRunner.java:505)
at org.testng.SuiteRunner.runTest(SuiteRunner.java:455)
at org.testng.SuiteRunner.runSequentially(SuiteRunner.java:450)
at org.testng.SuiteRunner.privateRun(SuiteRunner.java:415)
at org.testng.SuiteRunner.run(SuiteRunner.java:364)
at org.testng.SuiteRunnerWorker.runSuite(SuiteRunnerWorker.java:52)
at org.testng.SuiteRunnerWorker.run(SuiteRunnerWorker.java:84)
at org.testng.TestNG.runSuitesSequentially(TestNG.java:1208)
at org.testng.TestNG.runSuitesLocally(TestNG.java:1137)
at org.testng.TestNG.runSuites(TestNG.java:1049)
at org.testng.TestNG.run(TestNG.java:1017)
at org.testng.remote.AbstractRemoteTestNG.run(AbstractRemoteTestNG.java:115)
at org.testng.remote.RemoteTestNG.initAndRun(RemoteTestNG.java:293)
at org.testng.remote.RemoteTestNG.main(RemoteTestNG.java:91)
]]>
    </failure>
  </testcase> <!-- @BeforeClass setUp -->
  <testcase classname="com.supriya.jbk.authentication.tests.RegisterTest" name="@AfterClass tearDown" time="0.0">
    <skipped/>
  </testcase> <!-- @AfterClass tearDown -->
  <testcase classname="com.supriya.jbk.authentication.tests.LoginTest" name="@BeforeClass setUp" time="2.289">
    <failure type="org.openqa.selenium.SessionNotCreatedException" message="session not created: This version of ChromeDriver only supports Chrome version 136
Current browser version is 144.0.7559.134 with binary path /Applications/Google Chrome.app/Contents/MacOS/Google Chrome
Build info: version: &amp;apos;3.141.59&amp;apos;, revision: &amp;apos;e82be7d358&amp;apos;, time: &amp;apos;2018-11-14T08:17:03&amp;apos;
System info: host: &amp;apos;Ameyas-MBP.fritz.box&amp;apos;, ip: &amp;apos;fdde:1c74:a112:0:8c4:828a:607b:550c%en0&amp;apos;, os.name: &amp;apos;Mac OS X&amp;apos;, os.arch: &amp;apos;x86_64&amp;apos;, os.version: &amp;apos;12.7.6&amp;apos;, java.version: &amp;apos;17.0.10&amp;apos;
Driver info: driver.version: ChromeDriver
remote stacktrace: 0   chromedriver                        0x000000010e91f8a8 chromedriver + 5986472
1   chromedriver                        0x000000010e9169da chromedriver + 5949914
2   chromedriver                        0x000000010e3cf600 chromedriver + 415232
3   chromedriver                        0x000000010e410636 chromedriver + 681526
4   chromedriver                        0x000000010e40f5a4 chromedriver + 677284
5   chromedriver                        0x000000010e40a76e chromedriver + 657262
6   chromedriver                        0x000000010e405516 chromedriver + 636182
7   chromedriver                        0x000000010e455ba2 chromedriver + 965538
8   chromedriver                        0x000000010e455096 chromedriver + 962710
9   chromedriver                        0x000000010e4470e3 chromedriver + 905443
10  chromedriver                        0x000000010e41361d chromedriver + 693789
11  chromedriver                        0x000000010e414281 chromedriver + 696961
12  chromedriver                        0x000000010e8dd570 chromedriver + 5715312
13  chromedriver                        0x000000010e8e1435 chromedriver + 5731381
14  chromedriver                        0x000000010e8b7ec0 chromedriver + 5562048
15  chromedriver                        0x000000010e8e1e6b chromedriver + 5733995
16  chromedriver                        0x000000010e8a6dd4 chromedriver + 5492180
17  chromedriver                        0x000000010e904a88 chromedriver + 5876360
18  chromedriver                        0x000000010e904c50 chromedriver + 5876816
19  chromedriver                        0x000000010e9165a1 chromedriver + 5948833
20  libsystem_pthread.dylib             0x00007ff8038c54e1 _pthread_start + 125
21  libsystem_pthread.dylib             0x00007ff8038c0f6b thread_start + 15
">
      <![CDATA[org.openqa.selenium.SessionNotCreatedException: session not created: This version of ChromeDriver only supports Chrome version 136
Current browser version is 144.0.7559.134 with binary path /Applications/Google Chrome.app/Contents/MacOS/Google Chrome
Build info: version: '3.141.59', revision: 'e82be7d358', time: '2018-11-14T08:17:03'
System info: host: 'Ameyas-MBP.fritz.box', ip: 'fdde:1c74:a112:0:8c4:828a:607b:550c%en0', os.name: 'Mac OS X', os.arch: 'x86_64', os.version: '12.7.6', java.version: '17.0.10'
Driver info: driver.version: ChromeDriver
remote stacktrace: 0   chromedriver                        0x000000010e91f8a8 chromedriver + 5986472
1   chromedriver                        0x000000010e9169da chromedriver + 5949914
2   chromedriver                        0x000000010e3cf600 chromedriver + 415232
3   chromedriver                        0x000000010e410636 chromedriver + 681526
4   chromedriver                        0x000000010e40f5a4 chromedriver + 677284
5   chromedriver                        0x000000010e40a76e chromedriver + 657262
6   chromedriver                        0x000000010e405516 chromedriver + 636182
7   chromedriver                        0x000000010e455ba2 chromedriver + 965538
8   chromedriver                        0x000000010e455096 chromedriver + 962710
9   chromedriver                        0x000000010e4470e3 chromedriver + 905443
10  chromedriver                        0x000000010e41361d chromedriver + 693789
11  chromedriver                        0x000000010e414281 chromedriver + 696961
12  chromedriver                        0x000000010e8dd570 chromedriver + 5715312
13  chromedriver                        0x000000010e8e1435 chromedriver + 5731381
14  chromedriver                        0x000000010e8b7ec0 chromedriver + 5562048
15  chromedriver                        0x000000010e8e1e6b chromedriver + 5733995
16  chromedriver                        0x000000010e8a6dd4 chromedriver + 5492180
17  chromedriver                        0x000000010e904a88 chromedriver + 5876360
18  chromedriver                        0x000000010e904c50 chromedriver + 5876816
19  chromedriver                        0x000000010e9165a1 chromedriver + 5948833
20  libsystem_pthread.dylib             0x00007ff8038c54e1 _pthread_start + 125
21  libsystem_pthread.dylib             0x00007ff8038c0f6b thread_start + 15

at java.base/jdk.internal.reflect.NativeConstructorAccessorImpl.newInstance0(Native Method)
at java.base/jdk.internal.reflect.NativeConstructorAccessorImpl.newInstance(NativeConstructorAccessorImpl.java:77)
at java.base/jdk.internal.reflect.DelegatingConstructorAccessorImpl.newInstance(DelegatingConstructorAccessorImpl.java:45)
at java.base/java.lang.reflect.Constructor.newInstanceWithCaller(Constructor.java:499)
at java.base/java.lang.reflect.Constructor.newInstance(Constructor.java:480)
at org.openqa.selenium.remote.W3CHandshakeResponse.lambda$errorHandler$0(W3CHandshakeResponse.java:62)
at org.openqa.selenium.remote.HandshakeResponse.lambda$getResponseFunction$0(HandshakeResponse.java:30)
at org.openqa.selenium.remote.ProtocolHandshake.lambda$createSession$0(ProtocolHandshake.java:126)
at java.base/java.util.stream.ReferencePipeline$3$1.accept(ReferencePipeline.java:197)
at java.base/java.util.Spliterators$ArraySpliterator.tryAdvance(Spliterators.java:1002)
at java.base/java.util.stream.ReferencePipeline.forEachWithCancel(ReferencePipeline.java:129)
at java.base/java.util.stream.AbstractPipeline.copyIntoWithCancel(AbstractPipeline.java:527)
at java.base/java.util.stream.AbstractPipeline.copyInto(AbstractPipeline.java:513)
at java.base/java.util.stream.AbstractPipeline.wrapAndCopyInto(AbstractPipeline.java:499)
at java.base/java.util.stream.FindOps$FindOp.evaluateSequential(FindOps.java:150)
at java.base/java.util.stream.AbstractPipeline.evaluate(AbstractPipeline.java:234)
at java.base/java.util.stream.ReferencePipeline.findFirst(ReferencePipeline.java:647)
at org.openqa.selenium.remote.ProtocolHandshake.createSession(ProtocolHandshake.java:128)
at org.openqa.selenium.remote.ProtocolHandshake.createSession(ProtocolHandshake.java:74)
at org.openqa.selenium.remote.HttpCommandExecutor.execute(HttpCommandExecutor.java:136)
at org.openqa.selenium.remote.service.DriverCommandExecutor.execute(DriverCommandExecutor.java:83)
at org.openqa.selenium.remote.RemoteWebDriver.execute(RemoteWebDriver.java:552)
at org.openqa.selenium.remote.RemoteWebDriver.startSession(RemoteWebDriver.java:213)
at org.openqa.selenium.remote.RemoteWebDriver.<init>(RemoteWebDriver.java:131)
at org.openqa.selenium.chrome.ChromeDriver.<init>(ChromeDriver.java:181)
at org.openqa.selenium.chrome.ChromeDriver.<init>(ChromeDriver.java:168)
at org.openqa.selenium.chrome.ChromeDriver.<init>(ChromeDriver.java:123)
at com.supriya.jbk.authentication.tests.LoginTest.setUp(LoginTest.java:22)
at java.base/jdk.internal.reflect.NativeMethodAccessorImpl.invoke0(Native Method)
at java.base/jdk.internal.reflect.NativeMethodAccessorImpl.invoke(NativeMethodAccessorImpl.java:77)
at java.base/jdk.internal.reflect.DelegatingMethodAccessorImpl.invoke(DelegatingMethodAccessorImpl.java:43)
at java.base/java.lang.reflect.Method.invoke(Method.java:568)
at org.testng.internal.MethodInvocationHelper.invokeMethod(MethodInvocationHelper.java:124)
at org.testng.internal.MethodInvocationHelper.invokeMethodConsideringTimeout(MethodInvocationHelper.java:59)
at org.testng.internal.Invoker.invokeConfigurationMethod(Invoker.java:458)
at org.testng.internal.Invoker.invokeConfigurations(Invoker.java:222)
at org.testng.internal.Invoker.invokeConfigurations(Invoker.java:142)
at org.testng.internal.TestMethodWorker.invokeBeforeClassMethods(TestMethodWorker.java:168)
at org.testng.internal.TestMethodWorker.run(TestMethodWorker.java:105)
at org.testng.TestRunner.privateRun(TestRunner.java:648)
at org.testng.TestRunner.run(TestRunner.java:505)
at org.testng.SuiteRunner.runTest(SuiteRunner.java:455)
at org.testng.SuiteRunner.runSequentially(SuiteRunner.java:450)
at org.testng.SuiteRunner.privateRun(SuiteRunner.java:415)
at org.testng.SuiteRunner.run(SuiteRunner.java:364)
at org.testng.SuiteRunnerWorker.runSuite(SuiteRunnerWorker.java:52)
at org.testng.SuiteRunnerWorker.run(SuiteRunnerWorker.java:84)
at org.testng.TestNG.runSuitesSequentially(TestNG.java:1208)
at org.testng.TestNG.runSuitesLocally(TestNG.java:1137)
at org.testng.TestNG.runSuites(TestNG.java:1049)
at org.testng.TestNG.run(TestNG.java:1017)
at org.testng.remote.AbstractRemoteTestNG.run(AbstractRemoteTestNG.java:115)
at org.testng.remote.RemoteTestNG.initAndRun(RemoteTestNG.java:293)
at org.testng.remote.RemoteTestNG.main(RemoteTestNG.java:91)
]]>
    </failure>
  </testcase> <!-- @BeforeClass setUp -->
  <testcase classname="com.supriya.jbk.authentication.tests.LoginTest" name="@AfterClass tearDown" time="0.0">
    <skipped/>
  </testcase> <!-- @AfterClass tearDown -->
  <testcase classname="com.supriya.jbk.authentication.tests.DashboardTest" name="DashboardPageTest" time="0.0">
    <skipped/>
  </testcase> <!-- DashboardPageTest -->
  <testcase classname="com.supriya.jbk.authentication.tests.RegisterTest" name="registerToApplicationTest" time="0.0">
    <skipped/>
  </testcase> <!-- registerToApplicationTest -->
  <testcase classname="com.supriya.jbk.authentication.tests.LoginTest" name="loginToApplicationTest" time="0.0">
    <skipped/>
  </testcase> <!-- loginToApplicationTest -->
</testsuite> <!-- Default test -->
